2019-05-22 14:11:49,967 - INFO - MainThread - test_process - 用例c01 没有关联参数
2019-05-22 14:11:49,968 - INFO - MainThread - baseApi - 请求params 为空
2019-05-22 14:11:49,968 - INFO - MainThread - baseApi - *******正在执行用例：-----  c01  ----**********
2019-05-22 14:11:49,968 - INFO - MainThread - baseApi - 请求方式：post, 请求url:http://yun.choicesaas.cn/cloud/api/auth/login
2019-05-22 14:11:49,968 - INFO - MainThread - baseApi - 请求params：None
2019-05-22 14:11:49,968 - INFO - MainThread - baseApi - post请求body类型为：json，body内容为：{"username": "18005410350", "password": "WK123456"}
2019-05-22 14:11:50,103 - INFO - MainThread - baseApi - 返回信息：{"code":"10000","msg":"success","data":{"accessToken":"eyJhbGciOiJSUzI1NiIsInR5cCI6IkpXVCJ9.eyJhdWQiOlsiIl0sInVzZXJfbmFtZSI6IntcIm1vYmlsZVwiOlwiMTgwMDU0MTAzNTBcIixcImFpZFwiOlwiNDdlMzYyNjZlNWFhNDc3ZThkYjlmZGM2ZjEyMTdjZDBcIixcInVpZFwiOlwiLTFcIixcInRpZFwiOlwiNWFiZjAwMTc5NmQxOTAwMDBkMDdhNTlhXCIsXCJzaWRcIjpcIjMyZjQ3NjZiLTA2MDUtNDg2OC05NDhmLTUwYWZlOWI1OWE1MVwiLFwiYXRva2VuXCI6XCI4MGVmYmFjYzlkMmY0ZjYxYWE3NzcxMGNkZDAyYTgyZFwifSIsInNjb3BlIjpbInNjb3BlIl0sImV4cCI6MTU1ODUwNzMxMSwiYXV0aG9yaXRpZXMiOlsiVVNFUiJdLCJqdGkiOiJhYmJiNTE3NS0yNTY1LTQzYWMtOTIwYS04MjE1N2Q3NDE3YTUiLCJjbGllbnRfaWQiOiJCcm93c2VyIn0.kS3Pvdl35MHosSnZeel0GvpZkCcYxoZoAKqHujPdOGQ4pFyqUuQmt2HMIpkZAMFOI8ro6GEa4vADrVE4A6Sj3oIALpY96MGVErMPpoz8HiJqFRcjGqsG9LYq4nq5LNCTsOcoCDKW3UITIQs_NpI8HldjhZzXGVn3xkm06FWt3pg","refreshToken":"eyJhbGciOiJSUzI1NiIsInR5cCI6IkpXVCJ9.eyJhdWQiOlsiIl0sInVzZXJfbmFtZSI6IntcIm1vYmlsZVwiOlwiMTgwMDU0MTAzNTBcIixcImFpZFwiOlwiNDdlMzYyNjZlNWFhNDc3ZThkYjlmZGM2ZjEyMTdjZDBcIixcInVpZFwiOlwiLTFcIixcInRpZFwiOlwiNWFiZjAwMTc5NmQxOTAwMDBkMDdhNTlhXCIsXCJzaWRcIjpcIjMyZjQ3NjZiLTA2MDUtNDg2OC05NDhmLTUwYWZlOWI1OWE1MVwiLFwiYXRva2VuXCI6XCI4MGVmYmFjYzlkMmY0ZjYxYWE3NzcxMGNkZDAyYTgyZFwifSIsInNjb3BlIjpbInNjb3BlIl0sImF0aSI6ImFiYmI1MTc1LTI1NjUtNDNhYy05MjBhLTgyMTU3ZDc0MTdhNSIsImV4cCI6MTU1ODUxMjcxMSwiYXV0aG9yaXRpZXMiOlsiVVNFUiJdLCJqdGkiOiI1OTA3MzMzNy1hMjNkLTQ2YjMtYmQ5Ni0yNDM0ZDYzODRhNTQiLCJjbGllbnRfaWQiOiJCcm93c2VyIn0.X5UPoEmAKZ7nLzvJOZ-bBkhzIKCOTddCVVl6DxDmgi9s1WGxcdmG8lzKYqy5kJvi737QneF_-lt-eybcnFLi8X2GngmQD8X9V4HRuwzOEqPejF7zWd8XbF6EOwcye9jYT7pr8nWbz98iuS-cL-fB6Vy4Er-eeJ4M3xFUG_NJEJo._2b3534e5020840e9baf40eaa1766dc45_."}}
2019-05-22 14:11:50,104 - INFO - MainThread - baseApi - 用例测试结果:   c01---->pass
2019-05-22 14:11:50,171 - INFO - MainThread - baseApi - 请求params 为空
2019-05-22 14:11:50,171 - INFO - MainThread - baseApi - *******正在执行用例：-----  c02  ----**********
2019-05-22 14:11:50,171 - INFO - MainThread - baseApi - 请求方式：post, 请求url:http://yun.choicesaas.cn/cloud/api/auth/logout
2019-05-22 14:11:50,171 - INFO - MainThread - baseApi - 请求params：None
2019-05-22 14:11:50,171 - INFO - MainThread - baseApi - post请求body类型为：json，body内容为：{"accessToken": "eyJhbGciOiJSUzI1NiIsInR5cCI6IkpXVCJ9.eyJhdWQiOlsiIl0sInVzZXJfbmFtZSI6IntcIm1vYmlsZVwiOlwiMTgwMDU0MTAzNTBcIixcImFpZFwiOlwiNDdlMzYyNjZlNWFhNDc3ZThkYjlmZGM2ZjEyMTdjZDBcIixcInVpZFwiOlwiLTFcIixcInRpZFwiOlwiNWFiZjAwMTc5NmQxOTAwMDBkMDdhNTlhXCIsXCJzaWRcIjpcIjMyZjQ3NjZiLTA2MDUtNDg2OC05NDhmLTUwYWZlOWI1OWE1MVwiLFwiYXRva2VuXCI6XCI4MGVmYmFjYzlkMmY0ZjYxYWE3NzcxMGNkZDAyYTgyZFwifSIsInNjb3BlIjpbInNjb3BlIl0sImV4cCI6MTU1ODUwNzMxMSwiYXV0aG9yaXRpZXMiOlsiVVNFUiJdLCJqdGkiOiJhYmJiNTE3NS0yNTY1LTQzYWMtOTIwYS04MjE1N2Q3NDE3YTUiLCJjbGllbnRfaWQiOiJCcm93c2VyIn0.kS3Pvdl35MHosSnZeel0GvpZkCcYxoZoAKqHujPdOGQ4pFyqUuQmt2HMIpkZAMFOI8ro6GEa4vADrVE4A6Sj3oIALpY96MGVErMPpoz8HiJqFRcjGqsG9LYq4nq5LNCTsOcoCDKW3UITIQs_NpI8HldjhZzXGVn3xkm06FWt3pg", "refreshToken": "eyJhbGciOiJSUzI1NiIsInR5cCI6IkpXVCJ9.eyJhdWQiOlsiIl0sInVzZXJfbmFtZSI6IntcIm1vYmlsZVwiOlwiMTgwMDU0MTAzNTBcIixcImFpZFwiOlwiNDdlMzYyNjZlNWFhNDc3ZThkYjlmZGM2ZjEyMTdjZDBcIixcInVpZFwiOlwiLTFcIixcInRpZFwiOlwiNWFiZjAwMTc5NmQxOTAwMDBkMDdhNTlhXCIsXCJzaWRcIjpcIjMyZjQ3NjZiLTA2MDUtNDg2OC05NDhmLTUwYWZlOWI1OWE1MVwiLFwiYXRva2VuXCI6XCI4MGVmYmFjYzlkMmY0ZjYxYWE3NzcxMGNkZDAyYTgyZFwifSIsInNjb3BlIjpbInNjb3BlIl0sImF0aSI6ImFiYmI1MTc1LTI1NjUtNDNhYy05MjBhLTgyMTU3ZDc0MTdhNSIsImV4cCI6MTU1ODUxMjcxMSwiYXV0aG9yaXRpZXMiOlsiVVNFUiJdLCJqdGkiOiI1OTA3MzMzNy1hMjNkLTQ2YjMtYmQ5Ni0yNDM0ZDYzODRhNTQiLCJjbGllbnRfaWQiOiJCcm93c2VyIn0.X5UPoEmAKZ7nLzvJOZ-bBkhzIKCOTddCVVl6DxDmgi9s1WGxcdmG8lzKYqy5kJvi737QneF_-lt-eybcnFLi8X2GngmQD8X9V4HRuwzOEqPejF7zWd8XbF6EOwcye9jYT7pr8nWbz98iuS-cL-fB6Vy4Er-eeJ4M3xFUG_NJEJo._2b3534e5020840e9baf40eaa1766dc45_."}
2019-05-22 14:11:50,254 - INFO - MainThread - baseApi - 返回信息：{"code":"10000","msg":"success","data":null}
2019-05-22 14:11:50,254 - INFO - MainThread - baseApi - 用例测试结果:   c02---->pass
2019-05-22 14:11:50,321 - INFO - MainThread - test_process - 用例c01 没有关联参数
2019-05-22 14:11:50,321 - INFO - MainThread - baseApi - 请求params 为空
2019-05-22 14:11:50,321 - INFO - MainThread - baseApi - *******正在执行用例：-----  c01  ----**********
2019-05-22 14:11:50,321 - INFO - MainThread - baseApi - 请求方式：post, 请求url:http://yun.choicesaas.cn/cloud/api/auth/login
2019-05-22 14:11:50,321 - INFO - MainThread - baseApi - 请求params：None
2019-05-22 14:11:50,322 - INFO - MainThread - baseApi - post请求body类型为：json，body内容为：{"username": "18005410350", "password": "WK123456"}
2019-05-22 14:11:50,407 - INFO - MainThread - baseApi - 返回信息：{"code":"10000","msg":"success","data":{"accessToken":"eyJhbGciOiJSUzI1NiIsInR5cCI6IkpXVCJ9.eyJhdWQiOlsiIl0sInVzZXJfbmFtZSI6IntcIm1vYmlsZVwiOlwiMTgwMDU0MTAzNTBcIixcImFpZFwiOlwiNDdlMzYyNjZlNWFhNDc3ZThkYjlmZGM2ZjEyMTdjZDBcIixcInVpZFwiOlwiLTFcIixcInRpZFwiOlwiNWFiZjAwMTc5NmQxOTAwMDBkMDdhNTlhXCIsXCJzaWRcIjpcIjQzODJhYTNiLTlhMTItNDNmYi04MmY1LWJjZmFiYTQ2ZTEwZVwiLFwiYXRva2VuXCI6XCI0YTk1M2I0ZTJlYTI0ZDE3OGE2NzBiMDQwZDg4NzFiY1wifSIsInNjb3BlIjpbInNjb3BlIl0sImV4cCI6MTU1ODUwNzMxMiwiYXV0aG9yaXRpZXMiOlsiVVNFUiJdLCJqdGkiOiJmZDBhZDFiYS00M2IwLTQyYmMtYjM0Ny1hMTQyM2VkZWZjNjkiLCJjbGllbnRfaWQiOiJCcm93c2VyIn0.qkaT99vF8vjnhAoH5SYIOja8Ix2oKOc1ayMq17Jfpw10j2AGSq-QhwByqasPVqAT-6AcEam9Igx_YlEXx-9o8cOWQx__cQ7bhhaCEcDEZbCdkygbEXkipKJPL7q-VYyg6DBBt6Nbo0kfReewM_bd4cn2-WPY3EPhf-Ee0bhFP7Q","refreshToken":"eyJhbGciOiJSUzI1NiIsInR5cCI6IkpXVCJ9.eyJhdWQiOlsiIl0sInVzZXJfbmFtZSI6IntcIm1vYmlsZVwiOlwiMTgwMDU0MTAzNTBcIixcImFpZFwiOlwiNDdlMzYyNjZlNWFhNDc3ZThkYjlmZGM2ZjEyMTdjZDBcIixcInVpZFwiOlwiLTFcIixcInRpZFwiOlwiNWFiZjAwMTc5NmQxOTAwMDBkMDdhNTlhXCIsXCJzaWRcIjpcIjQzODJhYTNiLTlhMTItNDNmYi04MmY1LWJjZmFiYTQ2ZTEwZVwiLFwiYXRva2VuXCI6XCI0YTk1M2I0ZTJlYTI0ZDE3OGE2NzBiMDQwZDg4NzFiY1wifSIsInNjb3BlIjpbInNjb3BlIl0sImF0aSI6ImZkMGFkMWJhLTQzYjAtNDJiYy1iMzQ3LWExNDIzZWRlZmM2OSIsImV4cCI6MTU1ODUxMjcxMiwiYXV0aG9yaXRpZXMiOlsiVVNFUiJdLCJqdGkiOiJlOTljYzlhNi1jZDlkLTRhZjctYTU5OS1mNGFjMWMwYzc2MGIiLCJjbGllbnRfaWQiOiJCcm93c2VyIn0.Uz6RbAL-vOy50nSvKYSjjvZGT39vC13P_VqyEnqf8Q6rQSBHfwx23NECfWqO19AvVUfi8cXr-3DYU0qJjiRcB2k1IvM9HR62teyVbvy7hntui-k7wsk-w46YR3UKthkHFUawMshDamBvH5gJcY-CybmL7b4mEIKpU2TdXj75yEc._f26b87c73e8c4861aef8af703d68c917_."}}
2019-05-22 14:11:50,407 - INFO - MainThread - baseApi - 用例测试结果:   c01---->pass
2019-05-22 14:11:50,476 - INFO - MainThread - baseApi - 请求params 为空
2019-05-22 14:11:50,476 - INFO - MainThread - baseApi - *******正在执行用例：-----  c02  ----**********
2019-05-22 14:11:50,476 - INFO - MainThread - baseApi - 请求方式：post, 请求url:http://yun.choicesaas.cn/cloud/api/auth/logout
2019-05-22 14:11:50,478 - INFO - MainThread - baseApi - 请求params：None
2019-05-22 14:11:50,478 - INFO - MainThread - baseApi - post请求body类型为：json，body内容为：{"accessToken": "eyJhbGciOiJSUzI1NiIsInR5cCI6IkpXVCJ9.eyJhdWQiOlsiIl0sInVzZXJfbmFtZSI6IntcIm1vYmlsZVwiOlwiMTgwMDU0MTAzNTBcIixcImFpZFwiOlwiNDdlMzYyNjZlNWFhNDc3ZThkYjlmZGM2ZjEyMTdjZDBcIixcInVpZFwiOlwiLTFcIixcInRpZFwiOlwiNWFiZjAwMTc5NmQxOTAwMDBkMDdhNTlhXCIsXCJzaWRcIjpcIjQzODJhYTNiLTlhMTItNDNmYi04MmY1LWJjZmFiYTQ2ZTEwZVwiLFwiYXRva2VuXCI6XCI0YTk1M2I0ZTJlYTI0ZDE3OGE2NzBiMDQwZDg4NzFiY1wifSIsInNjb3BlIjpbInNjb3BlIl0sImV4cCI6MTU1ODUwNzMxMiwiYXV0aG9yaXRpZXMiOlsiVVNFUiJdLCJqdGkiOiJmZDBhZDFiYS00M2IwLTQyYmMtYjM0Ny1hMTQyM2VkZWZjNjkiLCJjbGllbnRfaWQiOiJCcm93c2VyIn0.qkaT99vF8vjnhAoH5SYIOja8Ix2oKOc1ayMq17Jfpw10j2AGSq-QhwByqasPVqAT-6AcEam9Igx_YlEXx-9o8cOWQx__cQ7bhhaCEcDEZbCdkygbEXkipKJPL7q-VYyg6DBBt6Nbo0kfReewM_bd4cn2-WPY3EPhf-Ee0bhFP7Q", "refreshToken": "eyJhbGciOiJSUzI1NiIsInR5cCI6IkpXVCJ9.eyJhdWQiOlsiIl0sInVzZXJfbmFtZSI6IntcIm1vYmlsZVwiOlwiMTgwMDU0MTAzNTBcIixcImFpZFwiOlwiNDdlMzYyNjZlNWFhNDc3ZThkYjlmZGM2ZjEyMTdjZDBcIixcInVpZFwiOlwiLTFcIixcInRpZFwiOlwiNWFiZjAwMTc5NmQxOTAwMDBkMDdhNTlhXCIsXCJzaWRcIjpcIjQzODJhYTNiLTlhMTItNDNmYi04MmY1LWJjZmFiYTQ2ZTEwZVwiLFwiYXRva2VuXCI6XCI0YTk1M2I0ZTJlYTI0ZDE3OGE2NzBiMDQwZDg4NzFiY1wifSIsInNjb3BlIjpbInNjb3BlIl0sImF0aSI6ImZkMGFkMWJhLTQzYjAtNDJiYy1iMzQ3LWExNDIzZWRlZmM2OSIsImV4cCI6MTU1ODUxMjcxMiwiYXV0aG9yaXRpZXMiOlsiVVNFUiJdLCJqdGkiOiJlOTljYzlhNi1jZDlkLTRhZjctYTU5OS1mNGFjMWMwYzc2MGIiLCJjbGllbnRfaWQiOiJCcm93c2VyIn0.Uz6RbAL-vOy50nSvKYSjjvZGT39vC13P_VqyEnqf8Q6rQSBHfwx23NECfWqO19AvVUfi8cXr-3DYU0qJjiRcB2k1IvM9HR62teyVbvy7hntui-k7wsk-w46YR3UKthkHFUawMshDamBvH5gJcY-CybmL7b4mEIKpU2TdXj75yEc._f26b87c73e8c4861aef8af703d68c917_."}
2019-05-22 14:11:50,585 - INFO - MainThread - baseApi - 返回信息：{"code":"10000","msg":"success","data":null}
2019-05-22 14:11:50,585 - INFO - MainThread - baseApi - 用例测试结果:   c02---->pass
