2019-05-22 14:06:53,052 - WARNING - MainThread - test_process - 用例c01 没有关联参数
2019-05-22 14:06:53,052 - WARNING - MainThread - baseApi - 请求params 为空
2019-05-22 14:06:53,052 - INFO - MainThread - baseApi - *******正在执行用例：-----  c01  ----**********
2019-05-22 14:06:53,052 - INFO - MainThread - baseApi - 请求方式：post, 请求url:http://yun.choicesaas.cn/cloud/api/auth/login
2019-05-22 14:06:53,052 - INFO - MainThread - baseApi - 请求params：None
2019-05-22 14:06:53,052 - INFO - MainThread - baseApi - post请求body类型为：json，body内容为：{"username": "18005410350", "password": "WK123456"}
2019-05-22 14:06:53,172 - INFO - MainThread - baseApi - 返回信息：{"code":"10000","msg":"success","data":{"accessToken":"eyJhbGciOiJSUzI1NiIsInR5cCI6IkpXVCJ9.eyJhdWQiOlsiIl0sInVzZXJfbmFtZSI6IntcIm1vYmlsZVwiOlwiMTgwMDU0MTAzNTBcIixcImFpZFwiOlwiNDdlMzYyNjZlNWFhNDc3ZThkYjlmZGM2ZjEyMTdjZDBcIixcInVpZFwiOlwiLTFcIixcInRpZFwiOlwiNWFiZjAwMTc5NmQxOTAwMDBkMDdhNTlhXCIsXCJzaWRcIjpcIjZjNDE4YzE1LTE1ZGEtNGY3ZC1iMTNjLTEyYjdiNDE1ZDFkY1wiLFwiYXRva2VuXCI6XCJjMmZmNTAwNmNjODM0YWJhYWM4NzlkYTViNTY0ZWNlNlwifSIsInNjb3BlIjpbInNjb3BlIl0sImV4cCI6MTU1ODUwNzAxNCwiYXV0aG9yaXRpZXMiOlsiVVNFUiJdLCJqdGkiOiIwZGRhZjUzNS00NjEyLTQ3ZmQtYWFhMy1jODFhYzhkODljOTMiLCJjbGllbnRfaWQiOiJCcm93c2VyIn0.QqlO9K4Hm35_fM_YNMng_rlhrfXJkmkw3KPmDKlgg_gmHyXKaRs1iiI6fTc_HgkZCfuSTHlzHZUU6e2bJgrKM1L5tZB6zQyj7tuXCru-gmsRidueGMeHU88foXgNdFLLI2Zy9yANVFOaiN8yyemjMvdiRZqlcp51DTM1nFCAkXs","refreshToken":"eyJhbGciOiJSUzI1NiIsInR5cCI6IkpXVCJ9.eyJhdWQiOlsiIl0sInVzZXJfbmFtZSI6IntcIm1vYmlsZVwiOlwiMTgwMDU0MTAzNTBcIixcImFpZFwiOlwiNDdlMzYyNjZlNWFhNDc3ZThkYjlmZGM2ZjEyMTdjZDBcIixcInVpZFwiOlwiLTFcIixcInRpZFwiOlwiNWFiZjAwMTc5NmQxOTAwMDBkMDdhNTlhXCIsXCJzaWRcIjpcIjZjNDE4YzE1LTE1ZGEtNGY3ZC1iMTNjLTEyYjdiNDE1ZDFkY1wiLFwiYXRva2VuXCI6XCJjMmZmNTAwNmNjODM0YWJhYWM4NzlkYTViNTY0ZWNlNlwifSIsInNjb3BlIjpbInNjb3BlIl0sImF0aSI6IjBkZGFmNTM1LTQ2MTItNDdmZC1hYWEzLWM4MWFjOGQ4OWM5MyIsImV4cCI6MTU1ODUxMjQxNCwiYXV0aG9yaXRpZXMiOlsiVVNFUiJdLCJqdGkiOiI2NzlkMGRiMi1hOTAxLTQ1ODMtODU0My05NzNmYzliYTY3OGUiLCJjbGllbnRfaWQiOiJCcm93c2VyIn0.lZdcFfWmJM9SJf-vxTE_8h0jOo1WdjkDJkTLTk6h288AT4gw5VF_m41Bg3YUzihNXt9gNvx8ZmHfrHhiReURI72UHmENFZyUESlbVb88ewzN6YuIoJSDLQbrKsoQaPfQmXA9cht6UjaXcQDyl37CP5iJcM1Xi7yEGUWciyc_u9k._8f50dbca5b3a460e83e7cac2410b6212_."}}
2019-05-22 14:06:53,172 - INFO - MainThread - baseApi - 用例测试结果:   c01---->pass
2019-05-22 14:06:53,243 - WARNING - MainThread - baseApi - 请求params 为空
2019-05-22 14:06:53,243 - INFO - MainThread - baseApi - *******正在执行用例：-----  c02  ----**********
2019-05-22 14:06:53,243 - INFO - MainThread - baseApi - 请求方式：post, 请求url:http://yun.choicesaas.cn/cloud/api/auth/logout
2019-05-22 14:06:53,243 - INFO - MainThread - baseApi - 请求params：None
2019-05-22 14:06:53,243 - INFO - MainThread - baseApi - post请求body类型为：json，body内容为：{"accessToken": "eyJhbGciOiJSUzI1NiIsInR5cCI6IkpXVCJ9.eyJhdWQiOlsiIl0sInVzZXJfbmFtZSI6IntcIm1vYmlsZVwiOlwiMTgwMDU0MTAzNTBcIixcImFpZFwiOlwiNDdlMzYyNjZlNWFhNDc3ZThkYjlmZGM2ZjEyMTdjZDBcIixcInVpZFwiOlwiLTFcIixcInRpZFwiOlwiNWFiZjAwMTc5NmQxOTAwMDBkMDdhNTlhXCIsXCJzaWRcIjpcIjZjNDE4YzE1LTE1ZGEtNGY3ZC1iMTNjLTEyYjdiNDE1ZDFkY1wiLFwiYXRva2VuXCI6XCJjMmZmNTAwNmNjODM0YWJhYWM4NzlkYTViNTY0ZWNlNlwifSIsInNjb3BlIjpbInNjb3BlIl0sImV4cCI6MTU1ODUwNzAxNCwiYXV0aG9yaXRpZXMiOlsiVVNFUiJdLCJqdGkiOiIwZGRhZjUzNS00NjEyLTQ3ZmQtYWFhMy1jODFhYzhkODljOTMiLCJjbGllbnRfaWQiOiJCcm93c2VyIn0.QqlO9K4Hm35_fM_YNMng_rlhrfXJkmkw3KPmDKlgg_gmHyXKaRs1iiI6fTc_HgkZCfuSTHlzHZUU6e2bJgrKM1L5tZB6zQyj7tuXCru-gmsRidueGMeHU88foXgNdFLLI2Zy9yANVFOaiN8yyemjMvdiRZqlcp51DTM1nFCAkXs", "refreshToken": "eyJhbGciOiJSUzI1NiIsInR5cCI6IkpXVCJ9.eyJhdWQiOlsiIl0sInVzZXJfbmFtZSI6IntcIm1vYmlsZVwiOlwiMTgwMDU0MTAzNTBcIixcImFpZFwiOlwiNDdlMzYyNjZlNWFhNDc3ZThkYjlmZGM2ZjEyMTdjZDBcIixcInVpZFwiOlwiLTFcIixcInRpZFwiOlwiNWFiZjAwMTc5NmQxOTAwMDBkMDdhNTlhXCIsXCJzaWRcIjpcIjZjNDE4YzE1LTE1ZGEtNGY3ZC1iMTNjLTEyYjdiNDE1ZDFkY1wiLFwiYXRva2VuXCI6XCJjMmZmNTAwNmNjODM0YWJhYWM4NzlkYTViNTY0ZWNlNlwifSIsInNjb3BlIjpbInNjb3BlIl0sImF0aSI6IjBkZGFmNTM1LTQ2MTItNDdmZC1hYWEzLWM4MWFjOGQ4OWM5MyIsImV4cCI6MTU1ODUxMjQxNCwiYXV0aG9yaXRpZXMiOlsiVVNFUiJdLCJqdGkiOiI2NzlkMGRiMi1hOTAxLTQ1ODMtODU0My05NzNmYzliYTY3OGUiLCJjbGllbnRfaWQiOiJCcm93c2VyIn0.lZdcFfWmJM9SJf-vxTE_8h0jOo1WdjkDJkTLTk6h288AT4gw5VF_m41Bg3YUzihNXt9gNvx8ZmHfrHhiReURI72UHmENFZyUESlbVb88ewzN6YuIoJSDLQbrKsoQaPfQmXA9cht6UjaXcQDyl37CP5iJcM1Xi7yEGUWciyc_u9k._8f50dbca5b3a460e83e7cac2410b6212_."}
2019-05-22 14:06:53,304 - INFO - MainThread - baseApi - 返回信息：{"code":"10000","msg":"success","data":null}
2019-05-22 14:06:53,304 - INFO - MainThread - baseApi - 用例测试结果:   c02---->pass
2019-05-22 14:06:53,376 - WARNING - MainThread - test_process - 用例c01 没有关联参数
2019-05-22 14:06:53,376 - WARNING - MainThread - baseApi - 请求params 为空
2019-05-22 14:06:53,376 - INFO - MainThread - baseApi - *******正在执行用例：-----  c01  ----**********
2019-05-22 14:06:53,376 - INFO - MainThread - baseApi - 请求方式：post, 请求url:http://yun.choicesaas.cn/cloud/api/auth/login
2019-05-22 14:06:53,376 - INFO - MainThread - baseApi - 请求params：None
2019-05-22 14:06:53,377 - INFO - MainThread - baseApi - post请求body类型为：json，body内容为：{"username": "18005410350", "password": "WK123456"}
2019-05-22 14:06:53,457 - INFO - MainThread - baseApi - 返回信息：{"code":"10000","msg":"success","data":{"accessToken":"eyJhbGciOiJSUzI1NiIsInR5cCI6IkpXVCJ9.eyJhdWQiOlsiIl0sInVzZXJfbmFtZSI6IntcIm1vYmlsZVwiOlwiMTgwMDU0MTAzNTBcIixcImFpZFwiOlwiNDdlMzYyNjZlNWFhNDc3ZThkYjlmZGM2ZjEyMTdjZDBcIixcInVpZFwiOlwiLTFcIixcInRpZFwiOlwiNWFiZjAwMTc5NmQxOTAwMDBkMDdhNTlhXCIsXCJzaWRcIjpcImRmOWMwZjRkLWE5MTEtNGUzOS05NjY2LTI2ODZlY2QxMmYzMFwiLFwiYXRva2VuXCI6XCJiZjVjMjJhNGZiOWE0MTZlODNkODQ5MGNkZDEwMDU2OFwifSIsInNjb3BlIjpbInNjb3BlIl0sImV4cCI6MTU1ODUwNzAxNSwiYXV0aG9yaXRpZXMiOlsiVVNFUiJdLCJqdGkiOiJjMGU5YjQ3ZC00ZDA1LTQwYmItOWQ0Yy1iMGM2ODMzZjc1N2QiLCJjbGllbnRfaWQiOiJCcm93c2VyIn0.QcZTrugGo1sRoBLxOz2raZksgBTN_yZv51gJKl0UmqRlsVxeeUYOjQmw4qPoQmd16mwDn43UHGGEbIrJVooLQPBjyETtfPU4lph-jPjTYPKBrklEZzmJBS7LY3HOjzFZITbpXRDnBcFyfTdYazrHdvLRI7Qu5lIc27p5p1fvy-I","refreshToken":"eyJhbGciOiJSUzI1NiIsInR5cCI6IkpXVCJ9.eyJhdWQiOlsiIl0sInVzZXJfbmFtZSI6IntcIm1vYmlsZVwiOlwiMTgwMDU0MTAzNTBcIixcImFpZFwiOlwiNDdlMzYyNjZlNWFhNDc3ZThkYjlmZGM2ZjEyMTdjZDBcIixcInVpZFwiOlwiLTFcIixcInRpZFwiOlwiNWFiZjAwMTc5NmQxOTAwMDBkMDdhNTlhXCIsXCJzaWRcIjpcImRmOWMwZjRkLWE5MTEtNGUzOS05NjY2LTI2ODZlY2QxMmYzMFwiLFwiYXRva2VuXCI6XCJiZjVjMjJhNGZiOWE0MTZlODNkODQ5MGNkZDEwMDU2OFwifSIsInNjb3BlIjpbInNjb3BlIl0sImF0aSI6ImMwZTliNDdkLTRkMDUtNDBiYi05ZDRjLWIwYzY4MzNmNzU3ZCIsImV4cCI6MTU1ODUxMjQxNSwiYXV0aG9yaXRpZXMiOlsiVVNFUiJdLCJqdGkiOiI1ZTcwYmQ0MC1mOTY0LTQyNTYtYmMxMC1jZGFjNzQ1YTJiNWYiLCJjbGllbnRfaWQiOiJCcm93c2VyIn0.I1o7dxj0P4zpdQXM8_d2IdNn0Y2TKBYi5EF_Ftk_LuC4Pg_Nt72OLx2c11XAm0QLMwkHjtd9R1otz-Xo0ykweiJq1ooAy09UxLWAa4dFQY9Dv1BKOHWC8T7W5Ix50DUxMVLQTHW0R6jYAw3qwkUxe67yJyaj64ApDrUQ8cYASFI._e784dc951564489fbd4085753008bb00_."}}
2019-05-22 14:06:53,457 - INFO - MainThread - baseApi - 用例测试结果:   c01---->pass
2019-05-22 14:06:53,531 - WARNING - MainThread - baseApi - 请求params 为空
2019-05-22 14:06:53,531 - INFO - MainThread - baseApi - *******正在执行用例：-----  c02  ----**********
2019-05-22 14:06:53,531 - INFO - MainThread - baseApi - 请求方式：post, 请求url:http://yun.choicesaas.cn/cloud/api/auth/logout
2019-05-22 14:06:53,531 - INFO - MainThread - baseApi - 请求params：None
2019-05-22 14:06:53,531 - INFO - MainThread - baseApi - post请求body类型为：json，body内容为：{"accessToken": "eyJhbGciOiJSUzI1NiIsInR5cCI6IkpXVCJ9.eyJhdWQiOlsiIl0sInVzZXJfbmFtZSI6IntcIm1vYmlsZVwiOlwiMTgwMDU0MTAzNTBcIixcImFpZFwiOlwiNDdlMzYyNjZlNWFhNDc3ZThkYjlmZGM2ZjEyMTdjZDBcIixcInVpZFwiOlwiLTFcIixcInRpZFwiOlwiNWFiZjAwMTc5NmQxOTAwMDBkMDdhNTlhXCIsXCJzaWRcIjpcImRmOWMwZjRkLWE5MTEtNGUzOS05NjY2LTI2ODZlY2QxMmYzMFwiLFwiYXRva2VuXCI6XCJiZjVjMjJhNGZiOWE0MTZlODNkODQ5MGNkZDEwMDU2OFwifSIsInNjb3BlIjpbInNjb3BlIl0sImV4cCI6MTU1ODUwNzAxNSwiYXV0aG9yaXRpZXMiOlsiVVNFUiJdLCJqdGkiOiJjMGU5YjQ3ZC00ZDA1LTQwYmItOWQ0Yy1iMGM2ODMzZjc1N2QiLCJjbGllbnRfaWQiOiJCcm93c2VyIn0.QcZTrugGo1sRoBLxOz2raZksgBTN_yZv51gJKl0UmqRlsVxeeUYOjQmw4qPoQmd16mwDn43UHGGEbIrJVooLQPBjyETtfPU4lph-jPjTYPKBrklEZzmJBS7LY3HOjzFZITbpXRDnBcFyfTdYazrHdvLRI7Qu5lIc27p5p1fvy-I", "refreshToken": "eyJhbGciOiJSUzI1NiIsInR5cCI6IkpXVCJ9.eyJhdWQiOlsiIl0sInVzZXJfbmFtZSI6IntcIm1vYmlsZVwiOlwiMTgwMDU0MTAzNTBcIixcImFpZFwiOlwiNDdlMzYyNjZlNWFhNDc3ZThkYjlmZGM2ZjEyMTdjZDBcIixcInVpZFwiOlwiLTFcIixcInRpZFwiOlwiNWFiZjAwMTc5NmQxOTAwMDBkMDdhNTlhXCIsXCJzaWRcIjpcImRmOWMwZjRkLWE5MTEtNGUzOS05NjY2LTI2ODZlY2QxMmYzMFwiLFwiYXRva2VuXCI6XCJiZjVjMjJhNGZiOWE0MTZlODNkODQ5MGNkZDEwMDU2OFwifSIsInNjb3BlIjpbInNjb3BlIl0sImF0aSI6ImMwZTliNDdkLTRkMDUtNDBiYi05ZDRjLWIwYzY4MzNmNzU3ZCIsImV4cCI6MTU1ODUxMjQxNSwiYXV0aG9yaXRpZXMiOlsiVVNFUiJdLCJqdGkiOiI1ZTcwYmQ0MC1mOTY0LTQyNTYtYmMxMC1jZGFjNzQ1YTJiNWYiLCJjbGllbnRfaWQiOiJCcm93c2VyIn0.I1o7dxj0P4zpdQXM8_d2IdNn0Y2TKBYi5EF_Ftk_LuC4Pg_Nt72OLx2c11XAm0QLMwkHjtd9R1otz-Xo0ykweiJq1ooAy09UxLWAa4dFQY9Dv1BKOHWC8T7W5Ix50DUxMVLQTHW0R6jYAw3qwkUxe67yJyaj64ApDrUQ8cYASFI._e784dc951564489fbd4085753008bb00_."}
2019-05-22 14:06:53,592 - INFO - MainThread - baseApi - 返回信息：{"code":"10000","msg":"success","data":null}
2019-05-22 14:06:53,592 - INFO - MainThread - baseApi - 用例测试结果:   c02---->pass
