2019-05-23 21:47:29,017 - WARNING - MainThread - test_process1 - 用例c01 没有关联参数
2019-05-23 21:47:29,017 - INFO - MainThread - baseApi - 请求params 为空
2019-05-23 21:47:29,017 - INFO - MainThread - baseApi - *******正在执行用例：-----  c01  ----**********
2019-05-23 21:47:29,019 - INFO - MainThread - baseApi - 请求方式：post, 请求url:http://yun.choicesaas.cn/cloud/api/auth/login
2019-05-23 21:47:29,019 - INFO - MainThread - baseApi - 请求params：None
2019-05-23 21:47:29,019 - INFO - MainThread - baseApi - post请求body类型为：json，body内容为：{"username": "18005410350", "password": "WK123456"}
2019-05-23 21:47:29,156 - INFO - MainThread - baseApi - 返回信息：{"code":"10000","msg":"success","data":{"accessToken":"eyJhbGciOiJSUzI1NiIsInR5cCI6IkpXVCJ9.eyJhdWQiOlsiIl0sInVzZXJfbmFtZSI6IntcIm1vYmlsZVwiOlwiMTgwMDU0MTAzNTBcIixcImFpZFwiOlwiNDdlMzYyNjZlNWFhNDc3ZThkYjlmZGM2ZjEyMTdjZDBcIixcInVpZFwiOlwiLTFcIixcInRpZFwiOlwiNWFiZjAwMTc5NmQxOTAwMDBkMDdhNTlhXCIsXCJzaWRcIjpcImU4YmRhNmFlLWQyZWQtNGZlZS04ZGEwLTI1OGQ0MThlMjRmOFwiLFwiYXRva2VuXCI6XCJhZGMxZjMwNzU2ZTc0NjNmODIyYzg0MTcyODdhZDIyZlwifSIsInNjb3BlIjpbInNjb3BlIl0sImV4cCI6MTU1ODYyMTA1MCwiYXV0aG9yaXRpZXMiOlsiVVNFUiJdLCJqdGkiOiJlNDk0MmFjNS02Y2IxLTQwY2EtOWYyNS0xMzE2NzdhMmZjZjkiLCJjbGllbnRfaWQiOiJCcm93c2VyIn0.BjVKxxyp9szXBZUjz_f3YlzCqw4RDOHdCz7nT99i2Tr639lUz6ysWUMTr_xhMjUxR9puwG29KsS8j6hjVsKFwyjSpXia0ow66NCEx-KIuUHDZ2BurnoNUqO2pFB9HIb4zKadhdcLBRQHcInzl2Clh6v05OJ89C-KVtXOexBnAVQ","refreshToken":"eyJhbGciOiJSUzI1NiIsInR5cCI6IkpXVCJ9.eyJhdWQiOlsiIl0sInVzZXJfbmFtZSI6IntcIm1vYmlsZVwiOlwiMTgwMDU0MTAzNTBcIixcImFpZFwiOlwiNDdlMzYyNjZlNWFhNDc3ZThkYjlmZGM2ZjEyMTdjZDBcIixcInVpZFwiOlwiLTFcIixcInRpZFwiOlwiNWFiZjAwMTc5NmQxOTAwMDBkMDdhNTlhXCIsXCJzaWRcIjpcImU4YmRhNmFlLWQyZWQtNGZlZS04ZGEwLTI1OGQ0MThlMjRmOFwiLFwiYXRva2VuXCI6XCJhZGMxZjMwNzU2ZTc0NjNmODIyYzg0MTcyODdhZDIyZlwifSIsInNjb3BlIjpbInNjb3BlIl0sImF0aSI6ImU0OTQyYWM1LTZjYjEtNDBjYS05ZjI1LTEzMTY3N2EyZmNmOSIsImV4cCI6MTU1ODYyNjQ1MCwiYXV0aG9yaXRpZXMiOlsiVVNFUiJdLCJqdGkiOiJlZGI2YThkYS1hYjA5LTRkMTYtODVlOS0zYmFlNDhkZGJmOTUiLCJjbGllbnRfaWQiOiJCcm93c2VyIn0.eQQWuPHM66lzc993REtUaGIqnZTgtMfM-fZ1EGsXZxqGYvdCVxF614e18Rvuy4Q2UnN6AIIGJ43ee7hDUNz4G04AzU473gzyf3OP70QNXBjrX1xsI4tFzfapWZoXzJJPyQXXss4WmOOCHKEWCw35zzMCtEbdBCH32v7sTaILXwI._84565e98ce104f98bf2ffd5b87b13755_."}}
2019-05-23 21:47:29,158 - INFO - MainThread - baseApi - 用例测试结果:   c01---->pass
2019-05-23 21:47:29,209 - INFO - MainThread - baseApi - 请求params 为空
2019-05-23 21:47:29,209 - INFO - MainThread - baseApi - *******正在执行用例：-----  c02  ----**********
2019-05-23 21:47:29,209 - INFO - MainThread - baseApi - 请求方式：post, 请求url:http://yun.choicesaas.cn/cloud/api/role/queryPosts
2019-05-23 21:47:29,209 - INFO - MainThread - baseApi - 请求params：None
2019-05-23 21:47:29,209 - INFO - MainThread - baseApi - post请求body类型为：json，body内容为：{"refreshToken": "eyJhbGciOiJSUzI1NiIsInR5cCI6IkpXVCJ9.eyJhdWQiOlsiIl0sInVzZXJfbmFtZSI6IntcIm1vYmlsZVwiOlwiMTgwMDU0MTAzNTBcIixcImFpZFwiOlwiNDdlMzYyNjZlNWFhNDc3ZThkYjlmZGM2ZjEyMTdjZDBcIixcInVpZFwiOlwiLTFcIixcInRpZFwiOlwiNWFiZjAwMTc5NmQxOTAwMDBkMDdhNTlhXCIsXCJzaWRcIjpcImU4YmRhNmFlLWQyZWQtNGZlZS04ZGEwLTI1OGQ0MThlMjRmOFwiLFwiYXRva2VuXCI6XCJhZGMxZjMwNzU2ZTc0NjNmODIyYzg0MTcyODdhZDIyZlwifSIsInNjb3BlIjpbInNjb3BlIl0sImF0aSI6ImU0OTQyYWM1LTZjYjEtNDBjYS05ZjI1LTEzMTY3N2EyZmNmOSIsImV4cCI6MTU1ODYyNjQ1MCwiYXV0aG9yaXRpZXMiOlsiVVNFUiJdLCJqdGkiOiJlZGI2YThkYS1hYjA5LTRkMTYtODVlOS0zYmFlNDhkZGJmOTUiLCJjbGllbnRfaWQiOiJCcm93c2VyIn0.eQQWuPHM66lzc993REtUaGIqnZTgtMfM-fZ1EGsXZxqGYvdCVxF614e18Rvuy4Q2UnN6AIIGJ43ee7hDUNz4G04AzU473gzyf3OP70QNXBjrX1xsI4tFzfapWZoXzJJPyQXXss4WmOOCHKEWCw35zzMCtEbdBCH32v7sTaILXwI._84565e98ce104f98bf2ffd5b87b13755_.", "pageno": 1, "rowcount": 10}
2019-05-23 21:47:29,244 - INFO - MainThread - baseApi - 返回信息：{"code":"20002","msg":"aop.auth-token-time-out"}
2019-05-23 21:47:29,244 - INFO - MainThread - baseApi - 用例测试结果:   c02---->fail
2019-05-23 21:47:29,299 - INFO - MainThread - baseApi - 请求params 为空
2019-05-23 21:47:29,299 - INFO - MainThread - baseApi - *******正在执行用例：-----  c03  ----**********
2019-05-23 21:47:29,299 - INFO - MainThread - baseApi - 请求方式：post, 请求url:http://yun.choicesaas.cn/cloud/api/role/savePost
2019-05-23 21:47:29,299 - INFO - MainThread - baseApi - 请求params：None
2019-05-23 21:47:29,299 - INFO - MainThread - baseApi - post请求body类型为：json，body内容为：{"postName": "zx", "postCode": "9", "nodeIdList": ["ar", "ard", "arf", "arf04", "arf05", "arf06", "arf07", "arf08", "arf09", "arf10", "aro", "aro01", "aro03", "aro05", "aro07", "aro09", "aro10", "aro11", "aro12", "aro13", "aro14", "aro15", "aro16", "aro17", "aro18", "aro19", "aro20", "ars", "ars02", "ars04", "ars05", "ars06", "ars07", "ars08", "ars09", "ars10", "ars11"], "id": "3d09ffadd88242a4b7ffc6277e1f8408"}
2019-05-23 21:47:29,335 - INFO - MainThread - baseApi - 返回信息：{"code":"20002","msg":"aop.auth-token-time-out"}
2019-05-23 21:47:29,335 - INFO - MainThread - baseApi - 用例测试结果:   c03---->fail
2019-05-23 21:47:29,388 - INFO - MainThread - baseApi - 请求params 为空
2019-05-23 21:47:29,388 - INFO - MainThread - baseApi - *******正在执行用例：-----  c04  ----**********
2019-05-23 21:47:29,390 - INFO - MainThread - baseApi - 请求方式：post, 请求url:http://yun.choicesaas.cn/cloud/api/auth/logout
2019-05-23 21:47:29,390 - INFO - MainThread - baseApi - 请求params：None
2019-05-23 21:47:29,390 - INFO - MainThread - baseApi - post请求body类型为：json，body内容为：{"accessToken": "eyJhbGciOiJSUzI1NiIsInR5cCI6IkpXVCJ9.eyJhdWQiOlsiIl0sInVzZXJfbmFtZSI6IntcIm1vYmlsZVwiOlwiMTgwMDU0MTAzNTBcIixcImFpZFwiOlwiNDdlMzYyNjZlNWFhNDc3ZThkYjlmZGM2ZjEyMTdjZDBcIixcInVpZFwiOlwiLTFcIixcInRpZFwiOlwiNWFiZjAwMTc5NmQxOTAwMDBkMDdhNTlhXCIsXCJzaWRcIjpcImU4YmRhNmFlLWQyZWQtNGZlZS04ZGEwLTI1OGQ0MThlMjRmOFwiLFwiYXRva2VuXCI6XCJhZGMxZjMwNzU2ZTc0NjNmODIyYzg0MTcyODdhZDIyZlwifSIsInNjb3BlIjpbInNjb3BlIl0sImV4cCI6MTU1ODYyMTA1MCwiYXV0aG9yaXRpZXMiOlsiVVNFUiJdLCJqdGkiOiJlNDk0MmFjNS02Y2IxLTQwY2EtOWYyNS0xMzE2NzdhMmZjZjkiLCJjbGllbnRfaWQiOiJCcm93c2VyIn0.BjVKxxyp9szXBZUjz_f3YlzCqw4RDOHdCz7nT99i2Tr639lUz6ysWUMTr_xhMjUxR9puwG29KsS8j6hjVsKFwyjSpXia0ow66NCEx-KIuUHDZ2BurnoNUqO2pFB9HIb4zKadhdcLBRQHcInzl2Clh6v05OJ89C-KVtXOexBnAVQ", "refreshToken": "eyJhbGciOiJSUzI1NiIsInR5cCI6IkpXVCJ9.eyJhdWQiOlsiIl0sInVzZXJfbmFtZSI6IntcIm1vYmlsZVwiOlwiMTgwMDU0MTAzNTBcIixcImFpZFwiOlwiNDdlMzYyNjZlNWFhNDc3ZThkYjlmZGM2ZjEyMTdjZDBcIixcInVpZFwiOlwiLTFcIixcInRpZFwiOlwiNWFiZjAwMTc5NmQxOTAwMDBkMDdhNTlhXCIsXCJzaWRcIjpcImU4YmRhNmFlLWQyZWQtNGZlZS04ZGEwLTI1OGQ0MThlMjRmOFwiLFwiYXRva2VuXCI6XCJhZGMxZjMwNzU2ZTc0NjNmODIyYzg0MTcyODdhZDIyZlwifSIsInNjb3BlIjpbInNjb3BlIl0sImF0aSI6ImU0OTQyYWM1LTZjYjEtNDBjYS05ZjI1LTEzMTY3N2EyZmNmOSIsImV4cCI6MTU1ODYyNjQ1MCwiYXV0aG9yaXRpZXMiOlsiVVNFUiJdLCJqdGkiOiJlZGI2YThkYS1hYjA5LTRkMTYtODVlOS0zYmFlNDhkZGJmOTUiLCJjbGllbnRfaWQiOiJCcm93c2VyIn0.eQQWuPHM66lzc993REtUaGIqnZTgtMfM-fZ1EGsXZxqGYvdCVxF614e18Rvuy4Q2UnN6AIIGJ43ee7hDUNz4G04AzU473gzyf3OP70QNXBjrX1xsI4tFzfapWZoXzJJPyQXXss4WmOOCHKEWCw35zzMCtEbdBCH32v7sTaILXwI._84565e98ce104f98bf2ffd5b87b13755_."}
2019-05-23 21:47:29,460 - INFO - MainThread - baseApi - 返回信息：{"code":"10000","msg":"success","data":null}
2019-05-23 21:47:29,460 - INFO - MainThread - baseApi - 用例测试结果:   c04---->pass
