2019-05-22 14:10:29,492 - INFO - MainThread - test_process - 用例c01 没有关联参数
2019-05-22 14:10:29,492 - INFO - MainThread - baseApi - 请求params 为空
2019-05-22 14:10:29,492 - INFO - MainThread - baseApi - *******正在执行用例：-----  c01  ----**********
2019-05-22 14:10:29,492 - INFO - MainThread - baseApi - 请求方式：post, 请求url:http://yun.choicesaas.cn/cloud/api/auth/login
2019-05-22 14:10:29,492 - INFO - MainThread - baseApi - 请求params：None
2019-05-22 14:10:29,493 - INFO - MainThread - baseApi - post请求body类型为：json，body内容为：{"username": "18005410350", "password": "WK123456"}
2019-05-22 14:10:29,694 - INFO - MainThread - baseApi - 返回信息：{"code":"10000","msg":"success","data":{"accessToken":"eyJhbGciOiJSUzI1NiIsInR5cCI6IkpXVCJ9.eyJhdWQiOlsiIl0sInVzZXJfbmFtZSI6IntcIm1vYmlsZVwiOlwiMTgwMDU0MTAzNTBcIixcImFpZFwiOlwiNDdlMzYyNjZlNWFhNDc3ZThkYjlmZGM2ZjEyMTdjZDBcIixcInVpZFwiOlwiLTFcIixcInRpZFwiOlwiNWFiZjAwMTc5NmQxOTAwMDBkMDdhNTlhXCIsXCJzaWRcIjpcIjMzMmNmZWJiLTFjYzgtNDZhYS1hNDY0LTE1MWY4NzhjODFlOFwiLFwiYXRva2VuXCI6XCJlYzk1NTA1YWRmYzc0NjI4YTE2N2I2ZWNkMDE5OTRiMlwifSIsInNjb3BlIjpbInNjb3BlIl0sImV4cCI6MTU1ODUwNzIzMSwiYXV0aG9yaXRpZXMiOlsiVVNFUiJdLCJqdGkiOiJlM2MwOWE0Ny02NjM0LTRjN2UtYWE4NC1lZjhiNWUxZmUwYWUiLCJjbGllbnRfaWQiOiJCcm93c2VyIn0.fQUU2kmcJ335QyO4vJY2YvJGiSh2HDJYHylkGS6j0Ocp7LURDOn5jls4vxEIG4o-7_5N46W-83-Z_dT8OlNVuNRZv2-RRmkJvTDYIVJSbalDNlx_ZIrHKw_xCDacADfjeFqhRHbVXj21PEhOQOiwEjcfIopChXFH0HlU9pEUCkM","refreshToken":"eyJhbGciOiJSUzI1NiIsInR5cCI6IkpXVCJ9.eyJhdWQiOlsiIl0sInVzZXJfbmFtZSI6IntcIm1vYmlsZVwiOlwiMTgwMDU0MTAzNTBcIixcImFpZFwiOlwiNDdlMzYyNjZlNWFhNDc3ZThkYjlmZGM2ZjEyMTdjZDBcIixcInVpZFwiOlwiLTFcIixcInRpZFwiOlwiNWFiZjAwMTc5NmQxOTAwMDBkMDdhNTlhXCIsXCJzaWRcIjpcIjMzMmNmZWJiLTFjYzgtNDZhYS1hNDY0LTE1MWY4NzhjODFlOFwiLFwiYXRva2VuXCI6XCJlYzk1NTA1YWRmYzc0NjI4YTE2N2I2ZWNkMDE5OTRiMlwifSIsInNjb3BlIjpbInNjb3BlIl0sImF0aSI6ImUzYzA5YTQ3LTY2MzQtNGM3ZS1hYTg0LWVmOGI1ZTFmZTBhZSIsImV4cCI6MTU1ODUxMjYzMSwiYXV0aG9yaXRpZXMiOlsiVVNFUiJdLCJqdGkiOiI0MWM0ZGU3NS1iYjE5LTQ3YTAtOTg0NC1lY2Y4NzI0MDBmNzEiLCJjbGllbnRfaWQiOiJCcm93c2VyIn0.GgEpwp9DrJ2sSGB8I_nLHopUijxJN1Qx6f-yJjX4hsJJNpTMo9XMIi79gKG6Madn5T6cWdAqTSNGoAtfJTCfuAcJ1UWGRTKFlALIpTaRTlycYLlanyelZtdchmCmpXtQ4rCdI0FxOYMp5L3a99eYPJtamWfOEPeYKCjJts1XRGA._454b50e42e754b5aa43de055b64a1c0b_."}}
2019-05-22 14:10:29,694 - INFO - MainThread - baseApi - 用例测试结果:   c01---->pass
2019-05-22 14:10:29,761 - INFO - MainThread - baseApi - 请求params 为空
2019-05-22 14:10:29,763 - INFO - MainThread - baseApi - *******正在执行用例：-----  c02  ----**********
2019-05-22 14:10:29,763 - INFO - MainThread - baseApi - 请求方式：post, 请求url:http://yun.choicesaas.cn/cloud/api/auth/logout
2019-05-22 14:10:29,763 - INFO - MainThread - baseApi - 请求params：None
2019-05-22 14:10:29,763 - INFO - MainThread - baseApi - post请求body类型为：json，body内容为：{"accessToken": "eyJhbGciOiJSUzI1NiIsInR5cCI6IkpXVCJ9.eyJhdWQiOlsiIl0sInVzZXJfbmFtZSI6IntcIm1vYmlsZVwiOlwiMTgwMDU0MTAzNTBcIixcImFpZFwiOlwiNDdlMzYyNjZlNWFhNDc3ZThkYjlmZGM2ZjEyMTdjZDBcIixcInVpZFwiOlwiLTFcIixcInRpZFwiOlwiNWFiZjAwMTc5NmQxOTAwMDBkMDdhNTlhXCIsXCJzaWRcIjpcIjMzMmNmZWJiLTFjYzgtNDZhYS1hNDY0LTE1MWY4NzhjODFlOFwiLFwiYXRva2VuXCI6XCJlYzk1NTA1YWRmYzc0NjI4YTE2N2I2ZWNkMDE5OTRiMlwifSIsInNjb3BlIjpbInNjb3BlIl0sImV4cCI6MTU1ODUwNzIzMSwiYXV0aG9yaXRpZXMiOlsiVVNFUiJdLCJqdGkiOiJlM2MwOWE0Ny02NjM0LTRjN2UtYWE4NC1lZjhiNWUxZmUwYWUiLCJjbGllbnRfaWQiOiJCcm93c2VyIn0.fQUU2kmcJ335QyO4vJY2YvJGiSh2HDJYHylkGS6j0Ocp7LURDOn5jls4vxEIG4o-7_5N46W-83-Z_dT8OlNVuNRZv2-RRmkJvTDYIVJSbalDNlx_ZIrHKw_xCDacADfjeFqhRHbVXj21PEhOQOiwEjcfIopChXFH0HlU9pEUCkM", "refreshToken": "eyJhbGciOiJSUzI1NiIsInR5cCI6IkpXVCJ9.eyJhdWQiOlsiIl0sInVzZXJfbmFtZSI6IntcIm1vYmlsZVwiOlwiMTgwMDU0MTAzNTBcIixcImFpZFwiOlwiNDdlMzYyNjZlNWFhNDc3ZThkYjlmZGM2ZjEyMTdjZDBcIixcInVpZFwiOlwiLTFcIixcInRpZFwiOlwiNWFiZjAwMTc5NmQxOTAwMDBkMDdhNTlhXCIsXCJzaWRcIjpcIjMzMmNmZWJiLTFjYzgtNDZhYS1hNDY0LTE1MWY4NzhjODFlOFwiLFwiYXRva2VuXCI6XCJlYzk1NTA1YWRmYzc0NjI4YTE2N2I2ZWNkMDE5OTRiMlwifSIsInNjb3BlIjpbInNjb3BlIl0sImF0aSI6ImUzYzA5YTQ3LTY2MzQtNGM3ZS1hYTg0LWVmOGI1ZTFmZTBhZSIsImV4cCI6MTU1ODUxMjYzMSwiYXV0aG9yaXRpZXMiOlsiVVNFUiJdLCJqdGkiOiI0MWM0ZGU3NS1iYjE5LTQ3YTAtOTg0NC1lY2Y4NzI0MDBmNzEiLCJjbGllbnRfaWQiOiJCcm93c2VyIn0.GgEpwp9DrJ2sSGB8I_nLHopUijxJN1Qx6f-yJjX4hsJJNpTMo9XMIi79gKG6Madn5T6cWdAqTSNGoAtfJTCfuAcJ1UWGRTKFlALIpTaRTlycYLlanyelZtdchmCmpXtQ4rCdI0FxOYMp5L3a99eYPJtamWfOEPeYKCjJts1XRGA._454b50e42e754b5aa43de055b64a1c0b_."}
2019-05-22 14:10:29,838 - INFO - MainThread - baseApi - 返回信息：{"code":"10000","msg":"success","data":null}
2019-05-22 14:10:29,839 - INFO - MainThread - baseApi - 用例测试结果:   c02---->pass
2019-05-22 14:10:29,908 - INFO - MainThread - test_process - 用例c01 没有关联参数
2019-05-22 14:10:29,908 - INFO - MainThread - baseApi - 请求params 为空
2019-05-22 14:10:29,908 - INFO - MainThread - baseApi - *******正在执行用例：-----  c01  ----**********
2019-05-22 14:10:29,910 - INFO - MainThread - baseApi - 请求方式：post, 请求url:http://yun.choicesaas.cn/cloud/api/auth/login
2019-05-22 14:10:29,910 - INFO - MainThread - baseApi - 请求params：None
2019-05-22 14:10:29,910 - INFO - MainThread - baseApi - post请求body类型为：json，body内容为：{"username": "18005410350", "password": "WK123456"}
2019-05-22 14:10:29,996 - INFO - MainThread - baseApi - 返回信息：{"code":"10000","msg":"success","data":{"accessToken":"eyJhbGciOiJSUzI1NiIsInR5cCI6IkpXVCJ9.eyJhdWQiOlsiIl0sInVzZXJfbmFtZSI6IntcIm1vYmlsZVwiOlwiMTgwMDU0MTAzNTBcIixcImFpZFwiOlwiNDdlMzYyNjZlNWFhNDc3ZThkYjlmZGM2ZjEyMTdjZDBcIixcInVpZFwiOlwiLTFcIixcInRpZFwiOlwiNWFiZjAwMTc5NmQxOTAwMDBkMDdhNTlhXCIsXCJzaWRcIjpcIjI3MDhiN2U5LWJjNWEtNGQ3NC05ZmJjLWFlMWU2NmI2NDNmNFwiLFwiYXRva2VuXCI6XCJmMzg4M2MwYWI0Nzc0MmQ2ODk4OWViN2Q2Mjk1MGJlYlwifSIsInNjb3BlIjpbInNjb3BlIl0sImV4cCI6MTU1ODUwNzIzMSwiYXV0aG9yaXRpZXMiOlsiVVNFUiJdLCJqdGkiOiJjYjYxNTY5ZS1iOTI4LTQ0OWItYWQ4YS05YjRmOGJmZjQ4ODkiLCJjbGllbnRfaWQiOiJCcm93c2VyIn0.qLH9xH1_awb7zEidwZ7cxrowdc0ZbVkq5xvhQj2xXKTNl-4vlgJ9bhKTYjIsE9vNuy678cxpVzGQbXQsG5Izwg6JnZG1yYugkYGUsg9oqKs00adNIni3zxNiqOuucyb7Ey7-7OALnB-JcCPYpwuVJMMroeUnMIBb6gB4pG3ASqw","refreshToken":"eyJhbGciOiJSUzI1NiIsInR5cCI6IkpXVCJ9.eyJhdWQiOlsiIl0sInVzZXJfbmFtZSI6IntcIm1vYmlsZVwiOlwiMTgwMDU0MTAzNTBcIixcImFpZFwiOlwiNDdlMzYyNjZlNWFhNDc3ZThkYjlmZGM2ZjEyMTdjZDBcIixcInVpZFwiOlwiLTFcIixcInRpZFwiOlwiNWFiZjAwMTc5NmQxOTAwMDBkMDdhNTlhXCIsXCJzaWRcIjpcIjI3MDhiN2U5LWJjNWEtNGQ3NC05ZmJjLWFlMWU2NmI2NDNmNFwiLFwiYXRva2VuXCI6XCJmMzg4M2MwYWI0Nzc0MmQ2ODk4OWViN2Q2Mjk1MGJlYlwifSIsInNjb3BlIjpbInNjb3BlIl0sImF0aSI6ImNiNjE1NjllLWI5MjgtNDQ5Yi1hZDhhLTliNGY4YmZmNDg4OSIsImV4cCI6MTU1ODUxMjYzMSwiYXV0aG9yaXRpZXMiOlsiVVNFUiJdLCJqdGkiOiJmMjBmZTgyZC1mZDg3LTRlMmUtYTY5OS04ZWQ0MDg1ODEzMjYiLCJjbGllbnRfaWQiOiJCcm93c2VyIn0.GCK2SgE_2ShQSFVdgSi0IIhykTxC9pOqNE1Uw9NLjW5uBGd9q1LaxwepWRQFU_5957VcReuniGcWS9Tcokx4s_mpW6baWke3ELu3r8_sXrek5_AyTqcgsAhQ3LvUHDhKs6HawgL-Pi-tlCXQYPxTn5Rp5bKugIcaUMIymSE6UvE._cc7a9263cfaa4e9cb9348fcfe148509b_."}}
2019-05-22 14:10:29,998 - INFO - MainThread - baseApi - 用例测试结果:   c01---->pass
2019-05-22 14:10:30,070 - INFO - MainThread - baseApi - 请求params 为空
2019-05-22 14:10:30,070 - INFO - MainThread - baseApi - *******正在执行用例：-----  c02  ----**********
2019-05-22 14:10:30,071 - INFO - MainThread - baseApi - 请求方式：post, 请求url:http://yun.choicesaas.cn/cloud/api/auth/logout
2019-05-22 14:10:30,071 - INFO - MainThread - baseApi - 请求params：None
2019-05-22 14:10:30,071 - INFO - MainThread - baseApi - post请求body类型为：json，body内容为：{"accessToken": "eyJhbGciOiJSUzI1NiIsInR5cCI6IkpXVCJ9.eyJhdWQiOlsiIl0sInVzZXJfbmFtZSI6IntcIm1vYmlsZVwiOlwiMTgwMDU0MTAzNTBcIixcImFpZFwiOlwiNDdlMzYyNjZlNWFhNDc3ZThkYjlmZGM2ZjEyMTdjZDBcIixcInVpZFwiOlwiLTFcIixcInRpZFwiOlwiNWFiZjAwMTc5NmQxOTAwMDBkMDdhNTlhXCIsXCJzaWRcIjpcIjI3MDhiN2U5LWJjNWEtNGQ3NC05ZmJjLWFlMWU2NmI2NDNmNFwiLFwiYXRva2VuXCI6XCJmMzg4M2MwYWI0Nzc0MmQ2ODk4OWViN2Q2Mjk1MGJlYlwifSIsInNjb3BlIjpbInNjb3BlIl0sImV4cCI6MTU1ODUwNzIzMSwiYXV0aG9yaXRpZXMiOlsiVVNFUiJdLCJqdGkiOiJjYjYxNTY5ZS1iOTI4LTQ0OWItYWQ4YS05YjRmOGJmZjQ4ODkiLCJjbGllbnRfaWQiOiJCcm93c2VyIn0.qLH9xH1_awb7zEidwZ7cxrowdc0ZbVkq5xvhQj2xXKTNl-4vlgJ9bhKTYjIsE9vNuy678cxpVzGQbXQsG5Izwg6JnZG1yYugkYGUsg9oqKs00adNIni3zxNiqOuucyb7Ey7-7OALnB-JcCPYpwuVJMMroeUnMIBb6gB4pG3ASqw", "refreshToken": "eyJhbGciOiJSUzI1NiIsInR5cCI6IkpXVCJ9.eyJhdWQiOlsiIl0sInVzZXJfbmFtZSI6IntcIm1vYmlsZVwiOlwiMTgwMDU0MTAzNTBcIixcImFpZFwiOlwiNDdlMzYyNjZlNWFhNDc3ZThkYjlmZGM2ZjEyMTdjZDBcIixcInVpZFwiOlwiLTFcIixcInRpZFwiOlwiNWFiZjAwMTc5NmQxOTAwMDBkMDdhNTlhXCIsXCJzaWRcIjpcIjI3MDhiN2U5LWJjNWEtNGQ3NC05ZmJjLWFlMWU2NmI2NDNmNFwiLFwiYXRva2VuXCI6XCJmMzg4M2MwYWI0Nzc0MmQ2ODk4OWViN2Q2Mjk1MGJlYlwifSIsInNjb3BlIjpbInNjb3BlIl0sImF0aSI6ImNiNjE1NjllLWI5MjgtNDQ5Yi1hZDhhLTliNGY4YmZmNDg4OSIsImV4cCI6MTU1ODUxMjYzMSwiYXV0aG9yaXRpZXMiOlsiVVNFUiJdLCJqdGkiOiJmMjBmZTgyZC1mZDg3LTRlMmUtYTY5OS04ZWQ0MDg1ODEzMjYiLCJjbGllbnRfaWQiOiJCcm93c2VyIn0.GCK2SgE_2ShQSFVdgSi0IIhykTxC9pOqNE1Uw9NLjW5uBGd9q1LaxwepWRQFU_5957VcReuniGcWS9Tcokx4s_mpW6baWke3ELu3r8_sXrek5_AyTqcgsAhQ3LvUHDhKs6HawgL-Pi-tlCXQYPxTn5Rp5bKugIcaUMIymSE6UvE._cc7a9263cfaa4e9cb9348fcfe148509b_."}
2019-05-22 14:10:30,132 - INFO - MainThread - baseApi - 返回信息：{"code":"10000","msg":"success","data":null}
2019-05-22 14:10:30,134 - INFO - MainThread - baseApi - 用例测试结果:   c02---->pass
