2019-05-23 21:38:07,408 - INFO - MainThread - test_process - 用例c01 没有关联参数
2019-05-23 21:38:07,409 - INFO - MainThread - baseApi - 请求params 为空
2019-05-23 21:38:07,409 - INFO - MainThread - baseApi - *******正在执行用例：-----  c01  ----**********
2019-05-23 21:38:07,409 - INFO - MainThread - baseApi - 请求方式：post, 请求url:http://yun.choicesaas.cn/cloud/api/auth/login
2019-05-23 21:38:07,409 - INFO - MainThread - baseApi - 请求params：None
2019-05-23 21:38:07,409 - INFO - MainThread - baseApi - post请求body类型为：json，body内容为：{"username": "18005410350", "password": "WK123456"}
2019-05-23 21:38:07,604 - INFO - MainThread - baseApi - 返回信息：{"code":"10000","msg":"success","data":{"accessToken":"eyJhbGciOiJSUzI1NiIsInR5cCI6IkpXVCJ9.eyJhdWQiOlsiIl0sInVzZXJfbmFtZSI6IntcIm1vYmlsZVwiOlwiMTgwMDU0MTAzNTBcIixcImFpZFwiOlwiNDdlMzYyNjZlNWFhNDc3ZThkYjlmZGM2ZjEyMTdjZDBcIixcInVpZFwiOlwiLTFcIixcInRpZFwiOlwiNWFiZjAwMTc5NmQxOTAwMDBkMDdhNTlhXCIsXCJzaWRcIjpcImU2YmZlNGZkLTkyODctNDg2YS1iNzgyLWU4YzZjMDljYjFlMFwiLFwiYXRva2VuXCI6XCJlNjhjMDllZWFhNTA0ZDgwODIzMGE4YTZmNTNiNTMzYVwifSIsInNjb3BlIjpbInNjb3BlIl0sImV4cCI6MTU1ODYyMDQ4OSwiYXV0aG9yaXRpZXMiOlsiVVNFUiJdLCJqdGkiOiIzMWVhMGY1Ny04NzY1LTRmODktYTJkNC00MWFjNmRiMzg1ODYiLCJjbGllbnRfaWQiOiJCcm93c2VyIn0.QnnSjS7FgLGHmtrx9Df5CyWdGerlkx1Ovscc_CyhDuNWf6PnXPyBvN7HvksLUABvrvPolY5LHc5W_FLcfc7nN6JrWgHngUsN817mZ7_p9MChmB_2H-tPxy_SIoH99S5mFfFGmiS_3wkHRzKSSjOsdb3Cp84kUfChltPamczEh4o","refreshToken":"eyJhbGciOiJSUzI1NiIsInR5cCI6IkpXVCJ9.eyJhdWQiOlsiIl0sInVzZXJfbmFtZSI6IntcIm1vYmlsZVwiOlwiMTgwMDU0MTAzNTBcIixcImFpZFwiOlwiNDdlMzYyNjZlNWFhNDc3ZThkYjlmZGM2ZjEyMTdjZDBcIixcInVpZFwiOlwiLTFcIixcInRpZFwiOlwiNWFiZjAwMTc5NmQxOTAwMDBkMDdhNTlhXCIsXCJzaWRcIjpcImU2YmZlNGZkLTkyODctNDg2YS1iNzgyLWU4YzZjMDljYjFlMFwiLFwiYXRva2VuXCI6XCJlNjhjMDllZWFhNTA0ZDgwODIzMGE4YTZmNTNiNTMzYVwifSIsInNjb3BlIjpbInNjb3BlIl0sImF0aSI6IjMxZWEwZjU3LTg3NjUtNGY4OS1hMmQ0LTQxYWM2ZGIzODU4NiIsImV4cCI6MTU1ODYyNTg4OSwiYXV0aG9yaXRpZXMiOlsiVVNFUiJdLCJqdGkiOiIxN2I2NzcyOS01OTg1LTQzZTMtYTNjMy1lNjU0OTdhOTA0NzQiLCJjbGllbnRfaWQiOiJCcm93c2VyIn0.px-uLEDyqkcoPT4ytNfOqYl10msxsNtUlRrukgmO3Zj4M95INITCZaEuoge9WHLOESUr4UJwsXnN4r6QaiVRdnxiiQZ4IsE27MsuxqdNLY1TlsgTJZgxPQ2lxRNW7PgSJeog8g7OWpGtq4iqS43yhRQacT1Ep_qv36VwTbf_PTU._f3a3306a06194a969ccc74ddbc0798bd_."}}
2019-05-23 21:38:07,604 - INFO - MainThread - baseApi - 用例测试结果:   c01---->pass
2019-05-23 21:38:07,648 - INFO - MainThread - baseApi - 请求params 为空
2019-05-23 21:38:07,648 - INFO - MainThread - baseApi - *******正在执行用例：-----  c02  ----**********
2019-05-23 21:38:07,648 - INFO - MainThread - baseApi - 请求方式：post, 请求url:http://yun.choicesaas.cn/cloud/api/role/queryPosts
2019-05-23 21:38:07,648 - INFO - MainThread - baseApi - 请求params：None
2019-05-23 21:38:07,648 - INFO - MainThread - baseApi - post请求body类型为：json，body内容为：{"refreshToken": "eyJhbGciOiJSUzI1NiIsInR5cCI6IkpXVCJ9.eyJhdWQiOlsiIl0sInVzZXJfbmFtZSI6IntcIm1vYmlsZVwiOlwiMTgwMDU0MTAzNTBcIixcImFpZFwiOlwiNDdlMzYyNjZlNWFhNDc3ZThkYjlmZGM2ZjEyMTdjZDBcIixcInVpZFwiOlwiLTFcIixcInRpZFwiOlwiNWFiZjAwMTc5NmQxOTAwMDBkMDdhNTlhXCIsXCJzaWRcIjpcImU2YmZlNGZkLTkyODctNDg2YS1iNzgyLWU4YzZjMDljYjFlMFwiLFwiYXRva2VuXCI6XCJlNjhjMDllZWFhNTA0ZDgwODIzMGE4YTZmNTNiNTMzYVwifSIsInNjb3BlIjpbInNjb3BlIl0sImF0aSI6IjMxZWEwZjU3LTg3NjUtNGY4OS1hMmQ0LTQxYWM2ZGIzODU4NiIsImV4cCI6MTU1ODYyNTg4OSwiYXV0aG9yaXRpZXMiOlsiVVNFUiJdLCJqdGkiOiIxN2I2NzcyOS01OTg1LTQzZTMtYTNjMy1lNjU0OTdhOTA0NzQiLCJjbGllbnRfaWQiOiJCcm93c2VyIn0.px-uLEDyqkcoPT4ytNfOqYl10msxsNtUlRrukgmO3Zj4M95INITCZaEuoge9WHLOESUr4UJwsXnN4r6QaiVRdnxiiQZ4IsE27MsuxqdNLY1TlsgTJZgxPQ2lxRNW7PgSJeog8g7OWpGtq4iqS43yhRQacT1Ep_qv36VwTbf_PTU._f3a3306a06194a969ccc74ddbc0798bd_.", "pageno": 1, "rowcount": 10}
2019-05-23 21:38:07,684 - INFO - MainThread - baseApi - 返回信息：{"code":"20002","msg":"aop.auth-token-time-out"}
2019-05-23 21:38:07,684 - INFO - MainThread - baseApi - 用例测试结果:   c02---->fail
2019-05-23 21:38:07,730 - INFO - MainThread - baseApi - 请求params 为空
2019-05-23 21:38:07,730 - INFO - MainThread - baseApi - *******正在执行用例：-----  c03  ----**********
2019-05-23 21:38:07,730 - INFO - MainThread - baseApi - 请求方式：post, 请求url:http://yun.choicesaas.cn/cloud/api/role/savePost
2019-05-23 21:38:07,730 - INFO - MainThread - baseApi - 请求params：None
2019-05-23 21:38:07,732 - INFO - MainThread - baseApi - post请求body类型为：json，body内容为：{"postName": "zx", "postCode": "9", "nodeIdList": ["ar", "ard", "arf", "arf04", "arf05", "arf06", "arf07", "arf08", "arf09", "arf10", "aro", "aro01", "aro03", "aro05", "aro07", "aro09", "aro10", "aro11", "aro12", "aro13", "aro14", "aro15", "aro16", "aro17", "aro18", "aro19", "aro20", "ars", "ars02", "ars04", "ars05", "ars06", "ars07", "ars08", "ars09", "ars10", "ars11"], "id": "3d09ffadd88242a4b7ffc6277e1f8408"}
2019-05-23 21:38:07,766 - INFO - MainThread - baseApi - 返回信息：{"code":"20002","msg":"aop.auth-token-time-out"}
2019-05-23 21:38:07,766 - INFO - MainThread - baseApi - 用例测试结果:   c03---->fail
2019-05-23 21:38:07,812 - INFO - MainThread - baseApi - 请求params 为空
2019-05-23 21:38:07,812 - INFO - MainThread - baseApi - *******正在执行用例：-----  c04  ----**********
2019-05-23 21:38:07,812 - INFO - MainThread - baseApi - 请求方式：post, 请求url:http://yun.choicesaas.cn/cloud/api/auth/logout
2019-05-23 21:38:07,812 - INFO - MainThread - baseApi - 请求params：None
2019-05-23 21:38:07,812 - INFO - MainThread - baseApi - post请求body类型为：json，body内容为：{"accessToken": "eyJhbGciOiJSUzI1NiIsInR5cCI6IkpXVCJ9.eyJhdWQiOlsiIl0sInVzZXJfbmFtZSI6IntcIm1vYmlsZVwiOlwiMTgwMDU0MTAzNTBcIixcImFpZFwiOlwiNDdlMzYyNjZlNWFhNDc3ZThkYjlmZGM2ZjEyMTdjZDBcIixcInVpZFwiOlwiLTFcIixcInRpZFwiOlwiNWFiZjAwMTc5NmQxOTAwMDBkMDdhNTlhXCIsXCJzaWRcIjpcImU2YmZlNGZkLTkyODctNDg2YS1iNzgyLWU4YzZjMDljYjFlMFwiLFwiYXRva2VuXCI6XCJlNjhjMDllZWFhNTA0ZDgwODIzMGE4YTZmNTNiNTMzYVwifSIsInNjb3BlIjpbInNjb3BlIl0sImV4cCI6MTU1ODYyMDQ4OSwiYXV0aG9yaXRpZXMiOlsiVVNFUiJdLCJqdGkiOiIzMWVhMGY1Ny04NzY1LTRmODktYTJkNC00MWFjNmRiMzg1ODYiLCJjbGllbnRfaWQiOiJCcm93c2VyIn0.QnnSjS7FgLGHmtrx9Df5CyWdGerlkx1Ovscc_CyhDuNWf6PnXPyBvN7HvksLUABvrvPolY5LHc5W_FLcfc7nN6JrWgHngUsN817mZ7_p9MChmB_2H-tPxy_SIoH99S5mFfFGmiS_3wkHRzKSSjOsdb3Cp84kUfChltPamczEh4o", "refreshToken": "eyJhbGciOiJSUzI1NiIsInR5cCI6IkpXVCJ9.eyJhdWQiOlsiIl0sInVzZXJfbmFtZSI6IntcIm1vYmlsZVwiOlwiMTgwMDU0MTAzNTBcIixcImFpZFwiOlwiNDdlMzYyNjZlNWFhNDc3ZThkYjlmZGM2ZjEyMTdjZDBcIixcInVpZFwiOlwiLTFcIixcInRpZFwiOlwiNWFiZjAwMTc5NmQxOTAwMDBkMDdhNTlhXCIsXCJzaWRcIjpcImU2YmZlNGZkLTkyODctNDg2YS1iNzgyLWU4YzZjMDljYjFlMFwiLFwiYXRva2VuXCI6XCJlNjhjMDllZWFhNTA0ZDgwODIzMGE4YTZmNTNiNTMzYVwifSIsInNjb3BlIjpbInNjb3BlIl0sImF0aSI6IjMxZWEwZjU3LTg3NjUtNGY4OS1hMmQ0LTQxYWM2ZGIzODU4NiIsImV4cCI6MTU1ODYyNTg4OSwiYXV0aG9yaXRpZXMiOlsiVVNFUiJdLCJqdGkiOiIxN2I2NzcyOS01OTg1LTQzZTMtYTNjMy1lNjU0OTdhOTA0NzQiLCJjbGllbnRfaWQiOiJCcm93c2VyIn0.px-uLEDyqkcoPT4ytNfOqYl10msxsNtUlRrukgmO3Zj4M95INITCZaEuoge9WHLOESUr4UJwsXnN4r6QaiVRdnxiiQZ4IsE27MsuxqdNLY1TlsgTJZgxPQ2lxRNW7PgSJeog8g7OWpGtq4iqS43yhRQacT1Ep_qv36VwTbf_PTU._f3a3306a06194a969ccc74ddbc0798bd_."}
2019-05-23 21:38:07,880 - INFO - MainThread - baseApi - 返回信息：{"code":"10000","msg":"success","data":null}
2019-05-23 21:38:07,880 - INFO - MainThread - baseApi - 用例测试结果:   c04---->pass
