2019-05-23 21:47:12,643 - WARNING - MainThread - test_process - 用例c01 没有关联参数
2019-05-23 21:47:12,643 - INFO - MainThread - baseApi - 请求params 为空
2019-05-23 21:47:12,643 - INFO - MainThread - baseApi - *******正在执行用例：-----  c01  ----**********
2019-05-23 21:47:12,643 - INFO - MainThread - baseApi - 请求方式：post, 请求url:http://yun.choicesaas.cn/cloud/api/auth/login
2019-05-23 21:47:12,643 - INFO - MainThread - baseApi - 请求params：None
2019-05-23 21:47:12,643 - INFO - MainThread - baseApi - post请求body类型为：json，body内容为：{"username": "18005410350", "password": "WK123456"}
2019-05-23 21:47:12,792 - INFO - MainThread - baseApi - 返回信息：{"code":"10000","msg":"success","data":{"accessToken":"eyJhbGciOiJSUzI1NiIsInR5cCI6IkpXVCJ9.eyJhdWQiOlsiIl0sInVzZXJfbmFtZSI6IntcIm1vYmlsZVwiOlwiMTgwMDU0MTAzNTBcIixcImFpZFwiOlwiNDdlMzYyNjZlNWFhNDc3ZThkYjlmZGM2ZjEyMTdjZDBcIixcInVpZFwiOlwiLTFcIixcInRpZFwiOlwiNWFiZjAwMTc5NmQxOTAwMDBkMDdhNTlhXCIsXCJzaWRcIjpcIjc4Mzc1NDg1LWY5YjAtNDk4Yy05NzVlLTQ2ZDFiZmI3ZGM5MFwiLFwiYXRva2VuXCI6XCJhOTQzNzc1ODNmMjM0ZGJkYWIxMTM5Y2RmMjVjOTY0N1wifSIsInNjb3BlIjpbInNjb3BlIl0sImV4cCI6MTU1ODYyMTAzNCwiYXV0aG9yaXRpZXMiOlsiVVNFUiJdLCJqdGkiOiI3ZGZhM2Y4MC1lZjI1LTRkZGQtOTJkNy05NWVjOTY5YjEwMjQiLCJjbGllbnRfaWQiOiJCcm93c2VyIn0.iT6C4k2ErN6PUhHG1WtrB2bctM8AfEts0KUzwNHH5DAf6BKdXj5omMIt_eMqtMDtVSoLj1PVUI1K5VVlukEaMnWAJELPrElbllW38Nq7VfA9oBQFepzEl00she5BJu3E-_83OjRm84WuEM7QoN_lyeGfMLr1UczaaJQtsk-AxmI","refreshToken":"eyJhbGciOiJSUzI1NiIsInR5cCI6IkpXVCJ9.eyJhdWQiOlsiIl0sInVzZXJfbmFtZSI6IntcIm1vYmlsZVwiOlwiMTgwMDU0MTAzNTBcIixcImFpZFwiOlwiNDdlMzYyNjZlNWFhNDc3ZThkYjlmZGM2ZjEyMTdjZDBcIixcInVpZFwiOlwiLTFcIixcInRpZFwiOlwiNWFiZjAwMTc5NmQxOTAwMDBkMDdhNTlhXCIsXCJzaWRcIjpcIjc4Mzc1NDg1LWY5YjAtNDk4Yy05NzVlLTQ2ZDFiZmI3ZGM5MFwiLFwiYXRva2VuXCI6XCJhOTQzNzc1ODNmMjM0ZGJkYWIxMTM5Y2RmMjVjOTY0N1wifSIsInNjb3BlIjpbInNjb3BlIl0sImF0aSI6IjdkZmEzZjgwLWVmMjUtNGRkZC05MmQ3LTk1ZWM5NjliMTAyNCIsImV4cCI6MTU1ODYyNjQzNCwiYXV0aG9yaXRpZXMiOlsiVVNFUiJdLCJqdGkiOiJhOTE4YjIzNS1mOTEyLTQ4NGItODdkNC0yOGE5ZTYyMjg5NGEiLCJjbGllbnRfaWQiOiJCcm93c2VyIn0.ciF7ZBOD5fliWjfaptBD4Krd3gDTEYxZBbpiEXUvRBVJGWEWqfejCqa4FS-jy-AOv-ggyGJnhAmhbka_RF8X8BN6VAyAHUGnhpYPXiHpNXOdWzFhf5y7jGUL4eb-pAhZEjkVkucC9SLAmaBNDoGdL0OPNO0D5m6WBixXEA_uj20._e2c77ffce3be4ad396c867299f2f13c2_."}}
2019-05-23 21:47:12,792 - INFO - MainThread - baseApi - 用例测试结果:   c01---->pass
2019-05-23 21:47:12,844 - INFO - MainThread - baseApi - 请求params 为空
2019-05-23 21:47:12,844 - INFO - MainThread - baseApi - *******正在执行用例：-----  c02  ----**********
2019-05-23 21:47:12,844 - INFO - MainThread - baseApi - 请求方式：post, 请求url:http://yun.choicesaas.cn/cloud/api/role/queryPosts
2019-05-23 21:47:12,844 - INFO - MainThread - baseApi - 请求params：None
2019-05-23 21:47:12,844 - INFO - MainThread - baseApi - post请求body类型为：json，body内容为：{"refreshToken": "eyJhbGciOiJSUzI1NiIsInR5cCI6IkpXVCJ9.eyJhdWQiOlsiIl0sInVzZXJfbmFtZSI6IntcIm1vYmlsZVwiOlwiMTgwMDU0MTAzNTBcIixcImFpZFwiOlwiNDdlMzYyNjZlNWFhNDc3ZThkYjlmZGM2ZjEyMTdjZDBcIixcInVpZFwiOlwiLTFcIixcInRpZFwiOlwiNWFiZjAwMTc5NmQxOTAwMDBkMDdhNTlhXCIsXCJzaWRcIjpcIjc4Mzc1NDg1LWY5YjAtNDk4Yy05NzVlLTQ2ZDFiZmI3ZGM5MFwiLFwiYXRva2VuXCI6XCJhOTQzNzc1ODNmMjM0ZGJkYWIxMTM5Y2RmMjVjOTY0N1wifSIsInNjb3BlIjpbInNjb3BlIl0sImF0aSI6IjdkZmEzZjgwLWVmMjUtNGRkZC05MmQ3LTk1ZWM5NjliMTAyNCIsImV4cCI6MTU1ODYyNjQzNCwiYXV0aG9yaXRpZXMiOlsiVVNFUiJdLCJqdGkiOiJhOTE4YjIzNS1mOTEyLTQ4NGItODdkNC0yOGE5ZTYyMjg5NGEiLCJjbGllbnRfaWQiOiJCcm93c2VyIn0.ciF7ZBOD5fliWjfaptBD4Krd3gDTEYxZBbpiEXUvRBVJGWEWqfejCqa4FS-jy-AOv-ggyGJnhAmhbka_RF8X8BN6VAyAHUGnhpYPXiHpNXOdWzFhf5y7jGUL4eb-pAhZEjkVkucC9SLAmaBNDoGdL0OPNO0D5m6WBixXEA_uj20._e2c77ffce3be4ad396c867299f2f13c2_.", "pageno": 1, "rowcount": 10}
2019-05-23 21:47:12,894 - INFO - MainThread - baseApi - 返回信息：{"code":"20002","msg":"aop.auth-token-time-out"}
2019-05-23 21:47:12,894 - INFO - MainThread - baseApi - 用例测试结果:   c02---->fail
2019-05-23 21:47:12,953 - INFO - MainThread - baseApi - 请求params 为空
2019-05-23 21:47:12,955 - INFO - MainThread - baseApi - *******正在执行用例：-----  c03  ----**********
2019-05-23 21:47:12,955 - INFO - MainThread - baseApi - 请求方式：post, 请求url:http://yun.choicesaas.cn/cloud/api/role/savePost
2019-05-23 21:47:12,955 - INFO - MainThread - baseApi - 请求params：None
2019-05-23 21:47:12,955 - INFO - MainThread - baseApi - post请求body类型为：json，body内容为：{"postName": "zx", "postCode": "9", "nodeIdList": ["ar", "ard", "arf", "arf04", "arf05", "arf06", "arf07", "arf08", "arf09", "arf10", "aro", "aro01", "aro03", "aro05", "aro07", "aro09", "aro10", "aro11", "aro12", "aro13", "aro14", "aro15", "aro16", "aro17", "aro18", "aro19", "aro20", "ars", "ars02", "ars04", "ars05", "ars06", "ars07", "ars08", "ars09", "ars10", "ars11"], "id": "3d09ffadd88242a4b7ffc6277e1f8408"}
2019-05-23 21:47:12,987 - INFO - MainThread - baseApi - 返回信息：{"code":"20002","msg":"aop.auth-token-time-out"}
2019-05-23 21:47:12,987 - INFO - MainThread - baseApi - 用例测试结果:   c03---->fail
2019-05-23 21:47:13,048 - INFO - MainThread - baseApi - 请求params 为空
2019-05-23 21:47:13,048 - INFO - MainThread - baseApi - *******正在执行用例：-----  c04  ----**********
2019-05-23 21:47:13,048 - INFO - MainThread - baseApi - 请求方式：post, 请求url:http://yun.choicesaas.cn/cloud/api/auth/logout
2019-05-23 21:47:13,048 - INFO - MainThread - baseApi - 请求params：None
2019-05-23 21:47:13,048 - INFO - MainThread - baseApi - post请求body类型为：json，body内容为：{"accessToken": "eyJhbGciOiJSUzI1NiIsInR5cCI6IkpXVCJ9.eyJhdWQiOlsiIl0sInVzZXJfbmFtZSI6IntcIm1vYmlsZVwiOlwiMTgwMDU0MTAzNTBcIixcImFpZFwiOlwiNDdlMzYyNjZlNWFhNDc3ZThkYjlmZGM2ZjEyMTdjZDBcIixcInVpZFwiOlwiLTFcIixcInRpZFwiOlwiNWFiZjAwMTc5NmQxOTAwMDBkMDdhNTlhXCIsXCJzaWRcIjpcIjc4Mzc1NDg1LWY5YjAtNDk4Yy05NzVlLTQ2ZDFiZmI3ZGM5MFwiLFwiYXRva2VuXCI6XCJhOTQzNzc1ODNmMjM0ZGJkYWIxMTM5Y2RmMjVjOTY0N1wifSIsInNjb3BlIjpbInNjb3BlIl0sImV4cCI6MTU1ODYyMTAzNCwiYXV0aG9yaXRpZXMiOlsiVVNFUiJdLCJqdGkiOiI3ZGZhM2Y4MC1lZjI1LTRkZGQtOTJkNy05NWVjOTY5YjEwMjQiLCJjbGllbnRfaWQiOiJCcm93c2VyIn0.iT6C4k2ErN6PUhHG1WtrB2bctM8AfEts0KUzwNHH5DAf6BKdXj5omMIt_eMqtMDtVSoLj1PVUI1K5VVlukEaMnWAJELPrElbllW38Nq7VfA9oBQFepzEl00she5BJu3E-_83OjRm84WuEM7QoN_lyeGfMLr1UczaaJQtsk-AxmI", "refreshToken": "eyJhbGciOiJSUzI1NiIsInR5cCI6IkpXVCJ9.eyJhdWQiOlsiIl0sInVzZXJfbmFtZSI6IntcIm1vYmlsZVwiOlwiMTgwMDU0MTAzNTBcIixcImFpZFwiOlwiNDdlMzYyNjZlNWFhNDc3ZThkYjlmZGM2ZjEyMTdjZDBcIixcInVpZFwiOlwiLTFcIixcInRpZFwiOlwiNWFiZjAwMTc5NmQxOTAwMDBkMDdhNTlhXCIsXCJzaWRcIjpcIjc4Mzc1NDg1LWY5YjAtNDk4Yy05NzVlLTQ2ZDFiZmI3ZGM5MFwiLFwiYXRva2VuXCI6XCJhOTQzNzc1ODNmMjM0ZGJkYWIxMTM5Y2RmMjVjOTY0N1wifSIsInNjb3BlIjpbInNjb3BlIl0sImF0aSI6IjdkZmEzZjgwLWVmMjUtNGRkZC05MmQ3LTk1ZWM5NjliMTAyNCIsImV4cCI6MTU1ODYyNjQzNCwiYXV0aG9yaXRpZXMiOlsiVVNFUiJdLCJqdGkiOiJhOTE4YjIzNS1mOTEyLTQ4NGItODdkNC0yOGE5ZTYyMjg5NGEiLCJjbGllbnRfaWQiOiJCcm93c2VyIn0.ciF7ZBOD5fliWjfaptBD4Krd3gDTEYxZBbpiEXUvRBVJGWEWqfejCqa4FS-jy-AOv-ggyGJnhAmhbka_RF8X8BN6VAyAHUGnhpYPXiHpNXOdWzFhf5y7jGUL4eb-pAhZEjkVkucC9SLAmaBNDoGdL0OPNO0D5m6WBixXEA_uj20._e2c77ffce3be4ad396c867299f2f13c2_."}
2019-05-23 21:47:13,111 - INFO - MainThread - baseApi - 返回信息：{"code":"10000","msg":"success","data":null}
2019-05-23 21:47:13,111 - INFO - MainThread - baseApi - 用例测试结果:   c04---->pass
